Change Component Description : Designator=R11 Old Description=50V 10kO Thick Film Resistors 62.5mW ±1% -55?~+155? ±100ppm/? 0402 Chip Resistor - Surface Mount ROHS New Description=50V 10kO Thick Film Resistors 62.5mW ±1% -55?~+155? ±100ppm/? 0402 Chip Resistor - Surface Mount ROHS
Change Component Description : Designator=R2 Old Description=50V -55?~+155? ±1% 402O Thick Film Resistors 62.5mW ±100ppm/? 0402 Chip Resistor - Surface Mount ROHS New Description=50V -55?~+155? ±1% 402O Thick Film Resistors 62.5mW ±100ppm/? 0402 Chip Resistor - Surface Mount ROHS
Change Component Description : Designator=R10 Old Description=62.5mW Thick Film Resistors 50V ±100ppm/? ±1% -55?~+155? 2.2kO 0402 Chip Resistor - Surface Mount ROHS New Description=62.5mW Thick Film Resistors 50V ±100ppm/? ±1% -55?~+155? 2.2kO 0402 Chip Resistor - Surface Mount ROHS
Change Component Description : Designator=R12 Old Description=62.5mW Thick Film Resistors 50V ±100ppm/? ±1% -55?~+155? 2.2kO 0402 Chip Resistor - Surface Mount ROHS New Description=62.5mW Thick Film Resistors 50V ±100ppm/? ±1% -55?~+155? 2.2kO 0402 Chip Resistor - Surface Mount ROHS
Change Component Description : Designator=R13 Old Description=62.5mW Thick Film Resistors 50V ±100ppm/? ±1% -55?~+155? 2.2kO 0402 Chip Resistor - Surface Mount ROHS New Description=62.5mW Thick Film Resistors 50V ±100ppm/? ±1% -55?~+155? 2.2kO 0402 Chip Resistor - Surface Mount ROHS
Change Component Description : Designator=R5 Old Description=62.5mW Thick Film Resistors 50V ±100ppm/? ±1% -55?~+155? 2.61kO 0402 Chip Resistor - Surface Mount ROHS New Description= 62.5mW Thick Film Resistors 50V ±100ppm/? ±1% -55?~+155? 2.61kO 0402 Chip Resistor - Surface Mount ROHS
Change Component Description : Designator=R7 Old Description=62.5mW Thick Film Resistors 50V ±100ppm/? ±1% -55?~+155? 2.61kO 0402 Chip Resistor - Surface Mount ROHS New Description= 62.5mW Thick Film Resistors 50V ±100ppm/? ±1% -55?~+155? 2.61kO 0402 Chip Resistor - Surface Mount ROHS
Change Component Description : Designator=R9 Old Description=187kO ±1% -55?~+155? 50V Thick Film Resistors 62.5mW ±100ppm/? 0402 Chip Resistor - Surface Mount ROHS New Description=187kO ±1% -55?~+155? 50V Thick Film Resistors 62.5mW ±100ppm/? 0402 Chip Resistor - Surface Mount ROHS
Change Component Description : Designator=R8 Old Description=205O 50V ±50ppm/? -55?~+155? ±1% Thin Film Resistor 62.5mW 0402 Chip Resistor - Surface Mount ROHS New Description=205O 50V ±50ppm/? -55?~+155? ±1% Thin Film Resistor 62.5mW 0402 Chip Resistor - Surface Mount ROHS
Change Component Description : Designator=NTC1 Old Description=NTC Thermistors ±1% 7.5mW 3380K ±1% 10kO Radial Leaded NTC Thermistors ROHS New Description=NTC Thermistors ±1% 7.5mW 3380K ±1% 10kO Radial Leaded NTC Thermistors ROHS
Change component parameters: Designator = "R2"; Footprint = "RESC1005X40X25LL05T10"; UniqueID = "\RPOHZGXO"
Change component parameters. Clean all parameters for all variants
Change component parameters (AddParameter): Name = "Digi-Key Part #"; Value = "YAG3152TR-ND"; VariantName = "[No Variations]"
Change component parameters (AddParameter): Name = "LCSC Part #"; Value = "C137984"; VariantName = "[No Variations]"
Change component parameters (AddParameter): Name = "Manufacturer"; Value = "Yageo"; VariantName = "[No Variations]"
Change component parameters (AddParameter): Name = "Mfr. Part #"; Value = "RC0402FR-07402RL"; VariantName = "[No Variations]"
Change component parameters (AddParameter): Name = "Package"; Value = "0402"; VariantName = "[No Variations]"
Change component parameters (AddParameter): Name = "Value"; Value = "402O"; VariantName = "[No Variations]"
Change component parameters: Designator = "R3"; Footprint = "RESC6432X65N"; UniqueID = "\UGUEGZNG"
Change component parameters. Clean all parameters for all variants
Change component parameters (AddParameter): Name = "Arrow Part Number"; Value = "RL2512FK-070R11L"; VariantName = "[No Variations]"
Change component parameters (AddParameter): Name = "Arrow Price/Stock"; Value = "https://www.arrow.com/en/products/rl2512fk-070r11l/yageo"; VariantName = "[No Variations]"
Change component parameters (AddParameter): Name = "Datasheet Link"; Value = "https://www.yageo.com/upload/media/product/productsearch/datasheet/rchip/PYu-RL_Group_521_RoHS_L_2.pdf"; VariantName = "[No Variations]"
Change component parameters (AddParameter): Name = "Digi-Key Part #"; Value = "311-0.11TTR-ND"; VariantName = "[No Variations]"
Change component parameters (AddParameter): Name = "Geometry.Height"; Value = "0.65mm"; VariantName = "[No Variations]"
Change component parameters (AddParameter): Name = "LCSC Part #"; Value = "C876467"; VariantName = "[No Variations]"
Change component parameters (AddParameter): Name = "Manufacturer"; Value = "KEMET"; VariantName = "[No Variations]"
Change component parameters (AddParameter): Name = "Mfr. Part #"; Value = "RL2512FK-070R11L"; VariantName = "[No Variations]"
Change component parameters (AddParameter): Name = "Mouser Part Number"; Value = "603-RL2512FK-070R11L"; VariantName = "[No Variations]"
Change component parameters (AddParameter): Name = "Mouser Price/Stock"; Value = "https://www.mouser.co.uk/ProductDetail/Yageo/RL2512FK-070R11L/?qs=x8mT8l3Qr1Hhdc7K4N9hZA%3D%3D"; VariantName = "[No Variations]"
Change component parameters (AddParameter): Name = "Mouser Testing Part Number"; Value = ""; VariantName = "[No Variations]"
Change component parameters (AddParameter): Name = "Mouser Testing Price/Stock"; Value = ""; VariantName = "[No Variations]"
Change component parameters (AddParameter): Name = "Package"; Value = "2512"; VariantName = "[No Variations]"
Change component parameters (AddParameter): Name = "Value"; Value = "110mO"; VariantName = "[No Variations]"
Change component parameters: Designator = "R5"; Footprint = "RESC1005X40X25NL05T10"; UniqueID = "\WPNINOVB"
Change component parameters. Clean all parameters for all variants
Change component parameters (AddParameter): Name = "Digi-Key Part #"; Value = "YAG3103TR-ND"; VariantName = "[No Variations]"
Change component parameters (AddParameter): Name = "LCSC Part #"; Value = "C163472"; VariantName = "[No Variations]"
Change component parameters (AddParameter): Name = "Manufacturer"; Value = "Yageo / Phycomp"; VariantName = "[No Variations]"
Change component parameters (AddParameter): Name = "Mfr. Part #"; Value = "RC0402FR-072K61L"; VariantName = "[No Variations]"
Change component parameters (AddParameter): Name = "Package"; Value = "0402"; VariantName = "[No Variations]"
Change component parameters (AddParameter): Name = "Tolerance"; Value = "±1%"; VariantName = "[No Variations]"
Change component parameters (AddParameter): Name = "Value"; Value = "2.61kO"; VariantName = "[No Variations]"
Change component parameters: Designator = "R7"; Footprint = "RESC1005X40X25NL05T10"; UniqueID = "\MQBVDUSP"
Change component parameters. Clean all parameters for all variants
Change component parameters (AddParameter): Name = "Digi-Key Part #"; Value = "YAG3103TR-ND"; VariantName = "[No Variations]"
Change component parameters (AddParameter): Name = "LCSC Part #"; Value = "C163472"; VariantName = "[No Variations]"
Change component parameters (AddParameter): Name = "Manufacturer"; Value = "Yageo / Phycomp"; VariantName = "[No Variations]"
Change component parameters (AddParameter): Name = "Mfr. Part #"; Value = "RC0402FR-072K61L"; VariantName = "[No Variations]"
Change component parameters (AddParameter): Name = "Package"; Value = "0402"; VariantName = "[No Variations]"
Change component parameters (AddParameter): Name = "Tolerance"; Value = "±1%"; VariantName = "[No Variations]"
Change component parameters (AddParameter): Name = "Value"; Value = "2.61kO"; VariantName = "[No Variations]"
Change component parameters: Designator = "R8"; Footprint = "FP-RT0402-MFG"; UniqueID = "\ULBKNAOT"
Change component parameters. Clean all parameters for all variants
Change component parameters (AddParameter): Name = "Automotive"; Value = "No"; VariantName = "[No Variations]"
Change component parameters (AddParameter): Name = "Category"; Value = "Res"; VariantName = "[No Variations]"
Change component parameters (AddParameter): Name = "ComponentLink2Description"; Value = "Datasheet"; VariantName = "[No Variations]"
Change component parameters (AddParameter): Name = "ComponentLink2URL"; Value = "http://www.yageo.com/documents/recent/PYu-RT_1-to-0.01_RoHS_L_9.pdf"; VariantName = "[No Variations]"
Change component parameters (AddParameter): Name = "Composition"; Value = "Thin Film"; VariantName = "[No Variations]"
Change component parameters (AddParameter): Name = "Device Class L1"; Value = "Passive Components"; VariantName = "[No Variations]"
Change component parameters (AddParameter): Name = "Device Class L2"; Value = "Resistors"; VariantName = "[No Variations]"
Change component parameters (AddParameter): Name = "Device Class L3"; Value = "Chip SMD Resistors"; VariantName = "[No Variations]"
Change component parameters (AddParameter): Name = "Digi-Key Part #"; Value = "RT0402FRE07205RL-ND"; VariantName = "[No Variations]"
Change component parameters (AddParameter): Name = "Digikey Description"; Value = "RES SMD 205 OHM 1% 1/16W 0402"; VariantName = "[No Variations]"
Change component parameters (AddParameter): Name = "Footprint Url"; Value = "http://www.yageo.com/exep/pages/download/literatures/PYu-R_Mount_10.pdf"; VariantName = "[No Variations]"
Change component parameters (AddParameter): Name = "Height"; Value = "0.35mm"; VariantName = "[No Variations]"
Change component parameters (AddParameter): Name = "Ipc Land Pattern Name"; Value = "RESC10050X30"; VariantName = "[No Variations]"
Change component parameters (AddParameter): Name = "LCSC Part #"; Value = "C327014"; VariantName = "[No Variations]"
Change component parameters (AddParameter): Name = "Lead Free"; Value = "Yes"; VariantName = "[No Variations]"
Change component parameters (AddParameter): Name = "Manufacturer"; Value = "Yageo"; VariantName = "[No Variations]"
Change component parameters (AddParameter): Name = "Mfr. Part #"; Value = "RT0402FRE07205RL"; VariantName = "[No Variations]"
Change component parameters (AddParameter): Name = "Octopart"; Value = "https://octopart.com/rt0402fre07205rl-yageo-1208039"; VariantName = "[No Variations]"
Change component parameters (AddParameter): Name = "Package"; Value = "RT0402"; VariantName = "[No Variations]"
Change component parameters (AddParameter): Name = "Power Rating"; Value = "0.063W"; VariantName = "[No Variations]"
Change component parameters (AddParameter): Name = "Resistance"; Value = "205O"; VariantName = "[No Variations]"
Change component parameters (AddParameter): Name = "RoHS"; Value = "TRUE"; VariantName = "[No Variations]"
Change component parameters (AddParameter): Name = "Series"; Value = "RT"; VariantName = "[No Variations]"
Change component parameters (AddParameter): Name = "Temperature"; Value = "-55°C to +155°C"; VariantName = "[No Variations]"
Change component parameters (AddParameter): Name = "Temperature Coefficient"; Value = "50 ppm/°C"; VariantName = "[No Variations]"
Change component parameters (AddParameter): Name = "Temperature Range High"; Value = "+155°C"; VariantName = "[No Variations]"
Change component parameters (AddParameter): Name = "Temperature Range Low"; Value = "-55°C"; VariantName = "[No Variations]"
Change component parameters (AddParameter): Name = "Tolerance"; Value = "0.01"; VariantName = "[No Variations]"
Change component parameters (AddParameter): Name = "Value"; Value = "205O"; VariantName = "[No Variations]"
Change component parameters (AddParameter): Name = "Voltage Rating"; Value = "50V"; VariantName = "[No Variations]"
Added Pin To Net: NetName=GND Pin=Con2-6
Added Pin To Net: NetName=GND Pin=Con2-7
Added Pin To Net: NetName=GND Pin=Con2-8
Added Pin To Net: NetName=GND Pin=Con2-9
Added Pin To Net: NetName=GND Pin=Con2-10
Added Pin To Net: NetName=GND Pin=Con2-11
Added Room: Name=Battery_Charger
Added Room: Name=Battery_Monitor
Added Room: Name=Battery_Prtection
Added Rule: Name=Schematic Width Constraint
